<?xml version="1.0" encoding="UTF-8"?>
<!-- Generated by org.testng.reporters.JUnitXMLReporter -->
<testsuite hostname="LAPTOP-L45CF4AI" name="Default test(failed)" tests="1" failures="1" timestamp="2 May 2020 06:20:13 GMT" time="12.364" errors="0">
  <testcase name="verifyTitle" time="12.341" classname="SeleniumWebdriver_2.ExecuteFailedTestCases">
    <failure type="java.lang.AssertionError" message="expected [FacebooTYk] but found [Facebook – log in or sign up]">
      <![CDATA[java.lang.AssertionError: expected [FacebooTYk] but found [Facebook – log in or sign up]
	at SeleniumWebdriver_2.ExecuteFailedTestCases.verifyTitle(ExecuteFailedTestCases.java:25)
	at TestRunner.Runner.main(Runner.java:18)
... Removed 26 stack frames]]>
    </failure>
  </testcase> <!-- verifyTitle -->
</testsuite> <!-- Default test(failed) -->
