<html xmlns:math="http://exslt.org/math" xmlns:testng="http://testng.org">
   <head>
      <title>TestNG Results</title>
      <meta http-equiv="content-type" content="text/html; charset=utf-8"></meta>
      <meta http-equiv="pragma" content="no-cache"></meta>
      <meta http-equiv="cache-control" content="max-age=0"></meta>
      <meta http-equiv="cache-control" content="no-cache"></meta>
      <meta http-equiv="cache-control" content="no-store"></meta>
      <LINK rel="stylesheet" href="style.css"></LINK>
      <script type="text/javascript" src="main.js"></script>
   </head>
   <body>
      <table width="100%" style="font-size: 16px; margin-bottom: 10px;" cellspacing="1">
         <tr>
            <td width="100%">
               All methods in suite
               
               <b>Suite</b>
            </td>
            <td style="background-color: #FFBBBB; padding: 3px 3px 3px 0;" align="center">
               <div style="width: 50px;">1</div>
            </td>
            <td style="background-color: lightgreen; padding: 3px 3px 3px 0;" align="center">
               <div style="width: 50px;">0</div>
            </td>
            <td style="background-color: #FFFFBB; padding: 3px 3px 3px 0;" align="center">
               <div style="width: 50px;">1</div>
            </td>
            <td align="center" style="background-color: #eaf0f7; padding: 3px 3px 3px 0;">
               <div style="width: 50px;">2</div>
            </td>
            <td align="center"
                style="font-weight: bold; background-color: #eaf0f7; padding: 3px 3px 3px 0;">
               <div style="width: 50px;">0%</div>
            </td>
            <td style="background-color: #eaf0f7; padding: 3px 3px 3px 0;" align="center"
                nowrap="true">46s
               
            </td>
         </tr>
      </table>
      <div style="width: 200px;">
         <label for="groupMethodsCheckBox" style="font-weight: bold; margin: 0;">
            <input id="groupMethodsCheckBox" type="checkbox" onclick="switchTestMethodsView(this)"
                   checked=""></input>
            Group by class
            
         </label>
         <br></br>
         <label for="methodsFilter_ALL" style="font-weight: bold; margin: 0;">
            <input id="methodsFilter_ALL" type="checkbox"
                   onclick="testMethodsFilterChanged(this, 'ALL')"
                   checked=""></input>
            All
            
         </label>
      </div>
      <label for="methodsFilter_FAIL" style="margin-left: 20px;">
         <input id="methodsFilter_FAIL" type="checkbox"
                onclick="testMethodsFilterChanged(this, 'FAIL')"
                checked=""></input>
         Failed
         
      </label>
      <label for="methodsFilter_PASS">
         <input id="methodsFilter_PASS" type="checkbox"
                onclick="testMethodsFilterChanged(this, 'PASS')"
                checked=""></input>
         Passed
         
      </label>
      <label for="methodsFilter_SKIP">
         <input id="methodsFilter_SKIP" type="checkbox"
                onclick="testMethodsFilterChanged(this, 'SKIP')"
                checked=""></input>
         Skipped
         
      </label>
      <label for="methodsFilter_CONF">
         <input id="methodsFilter_CONF" type="checkbox"
                onclick="testMethodsFilterChanged(this, 'CONF')"
                checked=""></input>
         Config
         
      </label>
      <br></br>
      <div id="testMethodsByStatus" style="display: none;">
         <table class="testMethodsTable" cellpadding="0" cellspacing="0">
            <tr class="methodsTableHeader">
               <td width="100%">Name</td>
               <td nowrap="true">Started</td>
               <td nowrap="true">Duration</td>
               <td>Exception</td>
            </tr>
            <tr id="SeleniumWebDriver_3.CrossBrowserTesting_verifyTitle_byStatus_failed_FAIL1_row"
                class="testMethodStatusFAIL">
               <td width="100%" class="firstMethodCell">
                  <a onclick="toggleDetailsVisibility('SeleniumWebDriver_3.CrossBrowserTesting_verifyTitle_byStatus_failed_FAIL1_details')">verifyTitle()</a>
               </td>
               <td nowrap="true">08:14:55</td>
               <td nowrap="true" align="right">22 ms
                  
               </td>
               <td nowrap="true">
                  <a onclick="toggleDetailsVisibility('SeleniumWebDriver_3.CrossBrowserTesting_verifyTitle_byStatus_failed_FAIL1_exception')">java.lang.AssertionError: 
                     expected [true] but found [false]
                     
                  </a>
                   
                  
               </td>
            </tr>
            <tr>
               <td colspan="4" class="detailsBox">
                  <div id="SeleniumWebDriver_3.CrossBrowserTesting_verifyTitle_byStatus_failed_FAIL1_details"
                       class="testMethodDetails">
                     <div>
                        <b>Name: </b>verifyTitle
                     </div>
                     <div>
                        <b>Signature: </b>verifyTitle()[pri:0, instance:SeleniumWebDriver_3.CrossBrowserTesting@7823a2f9]
                     </div>
                     <div>
                        <b>Start time: </b>08:14:55
                     </div>
                     <div>
                        <b>End time: </b>08:14:55
                     </div>
                     <div>
                        <b>Duration: </b>22 ms
                        
                     </div>
                  </div>
               </td>
            </tr>
            <tr>
               <td colspan="4" class="detailsBox">
                  <div id="SeleniumWebDriver_3.CrossBrowserTesting_verifyTitle_byStatus_failed_FAIL1_exception"
                       class="testMethodDetails">
                     <pre style="padding: 5px; margin: 0;">java.lang.AssertionError: expected [true] but found [false]
                        	at org.testng.Assert.fail(Assert.java:94)
                        	at org.testng.Assert.failNotEquals(Assert.java:496)
                        	at org.testng.Assert.assertTrue(Assert.java:42)
                        	at org.testng.Assert.assertTrue(Assert.java:52)
                        	at SeleniumWebDriver_3.CrossBrowserTesting.verifyTitle(CrossBrowserTesting.java:58)
                        	at sun.reflect.NativeMethodAccessorImpl.invoke0(Native Method)
                        	at sun.reflect.NativeMethodAccessorImpl.invoke(NativeMethodAccessorImpl.java:62)
                        	at sun.reflect.DelegatingMethodAccessorImpl.invoke(DelegatingMethodAccessorImpl.java:43)
                        	at java.lang.reflect.Method.invoke(Method.java:498)
                        	at org.testng.internal.MethodInvocationHelper.invokeMethod(MethodInvocationHelper.java:85)
                        	at org.testng.internal.Invoker.invokeMethod(Invoker.java:639)
                        	at org.testng.internal.Invoker.invokeTestMethod(Invoker.java:816)
                        	at org.testng.internal.Invoker.invokeTestMethods(Invoker.java:1124)
                        	at org.testng.internal.TestMethodWorker.invokeTestMethods(TestMethodWorker.java:125)
                        	at org.testng.internal.TestMethodWorker.run(TestMethodWorker.java:108)
                        	at org.testng.TestRunner.privateRun(TestRunner.java:774)
                        	at org.testng.TestRunner.run(TestRunner.java:624)
                        	at org.testng.SuiteRunner.runTest(SuiteRunner.java:359)
                        	at org.testng.SuiteRunner.access$000(SuiteRunner.java:39)
                        	at org.testng.SuiteRunner$SuiteWorker.run(SuiteRunner.java:393)
                        	at org.testng.internal.thread.ThreadUtil$2.call(ThreadUtil.java:64)
                        	at java.util.concurrent.FutureTask.run(FutureTask.java:266)
                        	at java.util.concurrent.ThreadPoolExecutor.runWorker(ThreadPoolExecutor.java:1149)
                        	at java.util.concurrent.ThreadPoolExecutor$Worker.run(ThreadPoolExecutor.java:624)
                        	at java.lang.Thread.run(Thread.java:748)
                     </pre>
                  </div>
               </td>
            </tr>
            <tr id="SeleniumWebDriver_3.CrossBrowserTesting_browser_byStatus_failed_FAIL2_row"
                class="testMethodStatusFAIL testMethodStatusCONF">
               <td width="100%" class="firstMethodCell">
                  <a onclick="toggleDetailsVisibility('SeleniumWebDriver_3.CrossBrowserTesting_browser_byStatus_failed_FAIL2_details')">browser(firefox)</a>
               </td>
               <td nowrap="true">08:14:44</td>
               <td nowrap="true" align="right">0 ms
                  
               </td>
               <td nowrap="true">
                  <a onclick="toggleDetailsVisibility('SeleniumWebDriver_3.CrossBrowserTesting_browser_byStatus_failed_FAIL2_exception')">org.openqa.selenium.WebDriverException: 
                     Failed to connect to binary FirefoxBinary(C:\Program Files\Mozilla Firefox\firefox.exe) on port 7055; process output follows:
                     
                     scription":"The default theme.","creator":"Mozilla","homepageURL":null,"contributors":["Mozilla Contributors"]},"visible":true,"active":true,"userDisabled":false,"appDisabled":false,"descriptor":"C:\\Program
                     Files\\Mozilla Firefox\\browser\\extensions\\{972ce4c6-7e08-4474-a285-3208198ce6fd}.xpi","installDate":1587785523751,"updateDate":1587785523751,"applyBackgroundUpdates":1,"skinnable":true,"size":22012,"sourceURI":null,"releaseNotesURI":null,"softDisabled":false,"foreignInstall":false,"hasBinaryComponents":false,"strictCompatibility":true,"locales":[],"targetApplications":[{"id":"{ec8030f7-c20a-464f-9b0e-13a3a9e97384}","minVersion":"47.0.2","maxVersion":"47.0.2"}],"targetPlatforms":[],"seen":true}
                     1588473886261	addons.xpi	DEBUG	getModTime: Recursive scan of {972ce4c6-7e08-4474-a285-3208198ce6fd}
                     1588473886262	DeferredSave.extensions.json	DEBUG	Save changes
                     1588473886263	addons.xpi	DEBUG	Updating database with changes to installed add-ons
                     1588473886263	addons.xpi-utils	DEBUG	Updating add-on states
                     1588473886264	addons.xpi-utils	DEBUG	Writing add-ons list
                     1588473886268	addons.xpi	DEBUG	Registering manifest for C:\Program Files\Mozilla Firefox\browser\features\e10srollout@mozilla.org.xpi
                     1588473886269	addons.xpi	DEBUG	Calling bootstrap method startup on e10srollout@mozilla.org version 1.0
                     1588473886269	addons.xpi	DEBUG	Registering manifest for C:\Program Files\Mozilla Firefox\browser\features\firefox@getpocket.com.xpi
                     1588473886270	addons.xpi	DEBUG	Calling bootstrap method startup on firefox@getpocket.com version 1.0.2
                     1588473886271	addons.xpi	DEBUG	Registering manifest for C:\Program Files\Mozilla Firefox\browser\features\loop@mozilla.org.xpi
                     1588473886272	addons.xpi	DEBUG	Calling bootstrap method startup on loop@mozilla.org version 1.3.2
                     1588473886292	addons.xpi	DEBUG	Registering manifest for C:\Program Files\Mozilla Firefox\browser\features\websensehelper@mozilla.org.xpi
                     1588473886293	addons.xpi	DEBUG	Calling bootstrap method startup on websensehelper@mozilla.org version 1.0
                     1588473886296	addons.manager	DEBUG	Registering shutdown blocker for XPIProvider
                     1588473886296	addons.manager	DEBUG	Provider finished startup: XPIProvider
                     1588473886296	addons.manager	DEBUG	Starting provider: LightweightThemeManager
                     1588473886296	addons.manager	DEBUG	Registering shutdown blocker for LightweightThemeManager
                     1588473886297	addons.manager	DEBUG	Provider finished startup: LightweightThemeManager
                     1588473886297	addons.manager	DEBUG	Starting provider: GMPProvider
                     1588473886307	addons.manager	DEBUG	Registering shutdown blocker for GMPProvider
                     1588473886307	addons.manager	DEBUG	Provider finished startup: GMPProvider
                     1588473886307	addons.manager	DEBUG	Starting provider: PluginProvider
                     1588473886308	addons.manager	DEBUG	Registering shutdown blocker for PluginProvider
                     1588473886308	addons.manager	DEBUG	Provider finished startup: PluginProvider
                     1588473886309	addons.manager	DEBUG	Completed startup sequence
                     [GFX1]: Potential driver version mismatch ignored due to missing DLLs 0.0.0.0 and 0.0.0.0
                     1588473890842	DeferredSave.extensions.json	DEBUG	Starting write
                     1588473890849	addons.manager	DEBUG	Starting provider: &lt;unnamed-provider&gt;
                     1588473890849	addons.manager	DEBUG	Registering shutdown blocker for &lt;unnamed-provider&gt;
                     1588473890849	addons.manager	DEBUG	Provider finished startup: &lt;unnamed-provider&gt;
                     1588473891277	addons.repository	DEBUG	No addons.json found.
                     1588473891278	DeferredSave.addons.json	DEBUG	Save changes
                     1588473891282	DeferredSave.addons.json	DEBUG	Starting timer
                     1588473891327	addons.manager	DEBUG	Starting provider: PreviousExperimentProvider
                     1588473891327	addons.manager	DEBUG	Registering shutdown blocker for PreviousExperimentProvider
                     1588473891328	addons.manager	DEBUG	Provider finished startup: PreviousExperimentProvider
                     1588473891330	DeferredSave.extensions.json	DEBUG	Write succeeded
                     1588473891331	addons.xpi-utils	DEBUG	XPI Database saved, setting schema version preference to 17
                     1588473891334	DeferredSave.addons.json	DEBUG	Starting write
                     1588473891461	DeferredSave.addons.json	DEBUG	Write succeeded
                     
                     Build info: version: '2.53.0', revision: '35ae25b', time: '2016-03-15 17:00:58'
                     System info: host: 'LAPTOP-L45CF4AI', ip: '192.168.42.228', os.name: 'Windows 10', os.arch: 'amd64', os.version: '10.0', java.version:
                     '1.8.0_241'
                     Driver info: driver.version: FirefoxDriver
                     
                  </a>
                   
                  
               </td>
            </tr>
            <tr>
               <td colspan="4" class="detailsBox">
                  <div id="SeleniumWebDriver_3.CrossBrowserTesting_browser_byStatus_failed_FAIL2_details"
                       class="testMethodDetails">
                     <div>
                        <b>Name: </b>browser
                     </div>
                     <div>
                        <b>Signature: </b>browser(java.lang.String)[pri:0, instance:SeleniumWebDriver_3.CrossBrowserTesting@5b275dab]
                     </div>
                     <div>
                        <b>Parameters: </b>
                        
                        firefox
                        
                        
                     </div>
                     <div>
                        <b>Start time: </b>08:14:44
                     </div>
                     <div>
                        <b>End time: </b>08:14:44
                     </div>
                     <div>
                        <b>Duration: </b>0 ms
                        
                     </div>
                  </div>
               </td>
            </tr>
            <tr>
               <td colspan="4" class="detailsBox">
                  <div id="SeleniumWebDriver_3.CrossBrowserTesting_browser_byStatus_failed_FAIL2_exception"
                       class="testMethodDetails">
                     <pre style="padding: 5px; margin: 0;">org.openqa.selenium.WebDriverException: Failed to connect to binary FirefoxBinary(C:\Program Files\Mozilla Firefox\firefox.exe)
                        on port 7055; process output follows: 
                        scription":"The default theme.","creator":"Mozilla","homepageURL":null,"contributors":["Mozilla Contributors"]},"visible":true,"active":true,"userDisabled":false,"appDisabled":false,"descriptor":"C:\\Program
                        Files\\Mozilla Firefox\\browser\\extensions\\{972ce4c6-7e08-4474-a285-3208198ce6fd}.xpi","installDate":1587785523751,"updateDate":1587785523751,"applyBackgroundUpdates":1,"skinnable":true,"size":22012,"sourceURI":null,"releaseNotesURI":null,"softDisabled":false,"foreignInstall":false,"hasBinaryComponents":false,"strictCompatibility":true,"locales":[],"targetApplications":[{"id":"{ec8030f7-c20a-464f-9b0e-13a3a9e97384}","minVersion":"47.0.2","maxVersion":"47.0.2"}],"targetPlatforms":[],"seen":true}
                        1588473886261	addons.xpi	DEBUG	getModTime: Recursive scan of {972ce4c6-7e08-4474-a285-3208198ce6fd}
                        1588473886262	DeferredSave.extensions.json	DEBUG	Save changes
                        1588473886263	addons.xpi	DEBUG	Updating database with changes to installed add-ons
                        1588473886263	addons.xpi-utils	DEBUG	Updating add-on states
                        1588473886264	addons.xpi-utils	DEBUG	Writing add-ons list
                        1588473886268	addons.xpi	DEBUG	Registering manifest for C:\Program Files\Mozilla Firefox\browser\features\e10srollout@mozilla.org.xpi
                        1588473886269	addons.xpi	DEBUG	Calling bootstrap method startup on e10srollout@mozilla.org version 1.0
                        1588473886269	addons.xpi	DEBUG	Registering manifest for C:\Program Files\Mozilla Firefox\browser\features\firefox@getpocket.com.xpi
                        1588473886270	addons.xpi	DEBUG	Calling bootstrap method startup on firefox@getpocket.com version 1.0.2
                        1588473886271	addons.xpi	DEBUG	Registering manifest for C:\Program Files\Mozilla Firefox\browser\features\loop@mozilla.org.xpi
                        1588473886272	addons.xpi	DEBUG	Calling bootstrap method startup on loop@mozilla.org version 1.3.2
                        1588473886292	addons.xpi	DEBUG	Registering manifest for C:\Program Files\Mozilla Firefox\browser\features\websensehelper@mozilla.org.xpi
                        1588473886293	addons.xpi	DEBUG	Calling bootstrap method startup on websensehelper@mozilla.org version 1.0
                        1588473886296	addons.manager	DEBUG	Registering shutdown blocker for XPIProvider
                        1588473886296	addons.manager	DEBUG	Provider finished startup: XPIProvider
                        1588473886296	addons.manager	DEBUG	Starting provider: LightweightThemeManager
                        1588473886296	addons.manager	DEBUG	Registering shutdown blocker for LightweightThemeManager
                        1588473886297	addons.manager	DEBUG	Provider finished startup: LightweightThemeManager
                        1588473886297	addons.manager	DEBUG	Starting provider: GMPProvider
                        1588473886307	addons.manager	DEBUG	Registering shutdown blocker for GMPProvider
                        1588473886307	addons.manager	DEBUG	Provider finished startup: GMPProvider
                        1588473886307	addons.manager	DEBUG	Starting provider: PluginProvider
                        1588473886308	addons.manager	DEBUG	Registering shutdown blocker for PluginProvider
                        1588473886308	addons.manager	DEBUG	Provider finished startup: PluginProvider
                        1588473886309	addons.manager	DEBUG	Completed startup sequence
                        [GFX1]: Potential driver version mismatch ignored due to missing DLLs 0.0.0.0 and 0.0.0.0
                        1588473890842	DeferredSave.extensions.json	DEBUG	Starting write
                        1588473890849	addons.manager	DEBUG	Starting provider: &lt;unnamed-provider&gt;
                        1588473890849	addons.manager	DEBUG	Registering shutdown blocker for &lt;unnamed-provider&gt;
                        1588473890849	addons.manager	DEBUG	Provider finished startup: &lt;unnamed-provider&gt;
                        1588473891277	addons.repository	DEBUG	No addons.json found.
                        1588473891278	DeferredSave.addons.json	DEBUG	Save changes
                        1588473891282	DeferredSave.addons.json	DEBUG	Starting timer
                        1588473891327	addons.manager	DEBUG	Starting provider: PreviousExperimentProvider
                        1588473891327	addons.manager	DEBUG	Registering shutdown blocker for PreviousExperimentProvider
                        1588473891328	addons.manager	DEBUG	Provider finished startup: PreviousExperimentProvider
                        1588473891330	DeferredSave.extensions.json	DEBUG	Write succeeded
                        1588473891331	addons.xpi-utils	DEBUG	XPI Database saved, setting schema version preference to 17
                        1588473891334	DeferredSave.addons.json	DEBUG	Starting write
                        1588473891461	DeferredSave.addons.json	DEBUG	Write succeeded
                        
                        Build info: version: '2.53.0', revision: '35ae25b', time: '2016-03-15 17:00:58'
                        System info: host: 'LAPTOP-L45CF4AI', ip: '192.168.42.228', os.name: 'Windows 10', os.arch: 'amd64', os.version: '10.0', java.version:
                        '1.8.0_241'
                        Driver info: driver.version: FirefoxDriver
                        	at org.openqa.selenium.firefox.internal.NewProfileExtensionConnection.start(NewProfileExtensionConnection.java:124)
                        	at org.openqa.selenium.firefox.FirefoxDriver.startClient(FirefoxDriver.java:271)
                        	at org.openqa.selenium.remote.RemoteWebDriver.&lt;init&gt;(RemoteWebDriver.java:119)
                        	at org.openqa.selenium.firefox.FirefoxDriver.&lt;init&gt;(FirefoxDriver.java:218)
                        	at org.openqa.selenium.firefox.FirefoxDriver.&lt;init&gt;(FirefoxDriver.java:211)
                        	at org.openqa.selenium.firefox.FirefoxDriver.&lt;init&gt;(FirefoxDriver.java:207)
                        	at org.openqa.selenium.firefox.FirefoxDriver.&lt;init&gt;(FirefoxDriver.java:120)
                        	at SeleniumWebDriver_3.CrossBrowserTesting.browser(CrossBrowserTesting.java:25)
                        	at sun.reflect.NativeMethodAccessorImpl.invoke0(Native Method)
                        	at sun.reflect.NativeMethodAccessorImpl.invoke(NativeMethodAccessorImpl.java:62)
                        	at sun.reflect.DelegatingMethodAccessorImpl.invoke(DelegatingMethodAccessorImpl.java:43)
                        	at java.lang.reflect.Method.invoke(Method.java:498)
                        	at org.testng.internal.MethodInvocationHelper.invokeMethod(MethodInvocationHelper.java:85)
                        	at org.testng.internal.Invoker.invokeConfigurationMethod(Invoker.java:510)
                        	at org.testng.internal.Invoker.invokeConfigurations(Invoker.java:211)
                        	at org.testng.internal.Invoker.invokeConfigurations(Invoker.java:138)
                        	at org.testng.TestRunner.beforeRun(TestRunner.java:648)
                        	at org.testng.TestRunner.run(TestRunner.java:616)
                        	at org.testng.SuiteRunner.runTest(SuiteRunner.java:359)
                        	at org.testng.SuiteRunner.access$000(SuiteRunner.java:39)
                        	at org.testng.SuiteRunner$SuiteWorker.run(SuiteRunner.java:393)
                        	at org.testng.internal.thread.ThreadUtil$2.call(ThreadUtil.java:64)
                        	at java.util.concurrent.FutureTask.run(FutureTask.java:266)
                        	at java.util.concurrent.ThreadPoolExecutor.runWorker(ThreadPoolExecutor.java:1149)
                        	at java.util.concurrent.ThreadPoolExecutor$Worker.run(ThreadPoolExecutor.java:624)
                        	at java.lang.Thread.run(Thread.java:748)
                        Caused by: org.openqa.selenium.firefox.NotConnectedException: Unable to connect to host 127.0.0.1 on port 7055 after 45000
                        ms. Firefox console output:
                        scription":"The default theme.","creator":"Mozilla","homepageURL":null,"contributors":["Mozilla Contributors"]},"visible":true,"active":true,"userDisabled":false,"appDisabled":false,"descriptor":"C:\\Program
                        Files\\Mozilla Firefox\\browser\\extensions\\{972ce4c6-7e08-4474-a285-3208198ce6fd}.xpi","installDate":1587785523751,"updateDate":1587785523751,"applyBackgroundUpdates":1,"skinnable":true,"size":22012,"sourceURI":null,"releaseNotesURI":null,"softDisabled":false,"foreignInstall":false,"hasBinaryComponents":false,"strictCompatibility":true,"locales":[],"targetApplications":[{"id":"{ec8030f7-c20a-464f-9b0e-13a3a9e97384}","minVersion":"47.0.2","maxVersion":"47.0.2"}],"targetPlatforms":[],"seen":true}
                        1588473886261	addons.xpi	DEBUG	getModTime: Recursive scan of {972ce4c6-7e08-4474-a285-3208198ce6fd}
                        1588473886262	DeferredSave.extensions.json	DEBUG	Save changes
                        1588473886263	addons.xpi	DEBUG	Updating database with changes to installed add-ons
                        1588473886263	addons.xpi-utils	DEBUG	Updating add-on states
                        1588473886264	addons.xpi-utils	DEBUG	Writing add-ons list
                        1588473886268	addons.xpi	DEBUG	Registering manifest for C:\Program Files\Mozilla Firefox\browser\features\e10srollout@mozilla.org.xpi
                        1588473886269	addons.xpi	DEBUG	Calling bootstrap method startup on e10srollout@mozilla.org version 1.0
                        1588473886269	addons.xpi	DEBUG	Registering manifest for C:\Program Files\Mozilla Firefox\browser\features\firefox@getpocket.com.xpi
                        1588473886270	addons.xpi	DEBUG	Calling bootstrap method startup on firefox@getpocket.com version 1.0.2
                        1588473886271	addons.xpi	DEBUG	Registering manifest for C:\Program Files\Mozilla Firefox\browser\features\loop@mozilla.org.xpi
                        1588473886272	addons.xpi	DEBUG	Calling bootstrap method startup on loop@mozilla.org version 1.3.2
                        1588473886292	addons.xpi	DEBUG	Registering manifest for C:\Program Files\Mozilla Firefox\browser\features\websensehelper@mozilla.org.xpi
                        1588473886293	addons.xpi	DEBUG	Calling bootstrap method startup on websensehelper@mozilla.org version 1.0
                        1588473886296	addons.manager	DEBUG	Registering shutdown blocker for XPIProvider
                        1588473886296	addons.manager	DEBUG	Provider finished startup: XPIProvider
                        1588473886296	addons.manager	DEBUG	Starting provider: LightweightThemeManager
                        1588473886296	addons.manager	DEBUG	Registering shutdown blocker for LightweightThemeManager
                        1588473886297	addons.manager	DEBUG	Provider finished startup: LightweightThemeManager
                        1588473886297	addons.manager	DEBUG	Starting provider: GMPProvider
                        1588473886307	addons.manager	DEBUG	Registering shutdown blocker for GMPProvider
                        1588473886307	addons.manager	DEBUG	Provider finished startup: GMPProvider
                        1588473886307	addons.manager	DEBUG	Starting provider: PluginProvider
                        1588473886308	addons.manager	DEBUG	Registering shutdown blocker for PluginProvider
                        1588473886308	addons.manager	DEBUG	Provider finished startup: PluginProvider
                        1588473886309	addons.manager	DEBUG	Completed startup sequence
                        [GFX1]: Potential driver version mismatch ignored due to missing DLLs 0.0.0.0 and 0.0.0.0
                        1588473890842	DeferredSave.extensions.json	DEBUG	Starting write
                        1588473890849	addons.manager	DEBUG	Starting provider: &lt;unnamed-provider&gt;
                        1588473890849	addons.manager	DEBUG	Registering shutdown blocker for &lt;unnamed-provider&gt;
                        1588473890849	addons.manager	DEBUG	Provider finished startup: &lt;unnamed-provider&gt;
                        1588473891277	addons.repository	DEBUG	No addons.json found.
                        1588473891278	DeferredSave.addons.json	DEBUG	Save changes
                        1588473891282	DeferredSave.addons.json	DEBUG	Starting timer
                        1588473891327	addons.manager	DEBUG	Starting provider: PreviousExperimentProvider
                        1588473891327	addons.manager	DEBUG	Registering shutdown blocker for PreviousExperimentProvider
                        1588473891328	addons.manager	DEBUG	Provider finished startup: PreviousExperimentProvider
                        1588473891330	DeferredSave.extensions.json	DEBUG	Write succeeded
                        1588473891331	addons.xpi-utils	DEBUG	XPI Database saved, setting schema version preference to 17
                        1588473891334	DeferredSave.addons.json	DEBUG	Starting write
                        1588473891461	DeferredSave.addons.json	DEBUG	Write succeeded
                        
                        	at org.openqa.selenium.firefox.internal.NewProfileExtensionConnection.start(NewProfileExtensionConnection.java:112)
                        	... 25 more
                     </pre>
                  </div>
               </td>
            </tr>
            <tr id="SeleniumWebDriver_3.CrossBrowserTesting_browser_byStatus_passed_PASS1_row"
                class="testMethodStatusPASS testMethodStatusCONF">
               <td width="100%" class="firstMethodCell">
                  <a onclick="toggleDetailsVisibility('SeleniumWebDriver_3.CrossBrowserTesting_browser_byStatus_passed_PASS1_details')">browser(chrome)</a>
               </td>
               <td nowrap="true">08:14:44</td>
               <td nowrap="true" align="right">10s
                  
               </td>
               <td nowrap="true">
                   
                  
               </td>
            </tr>
            <tr>
               <td colspan="4" class="detailsBox">
                  <div id="SeleniumWebDriver_3.CrossBrowserTesting_browser_byStatus_passed_PASS1_details"
                       class="testMethodDetails">
                     <div>
                        <b>Name: </b>browser
                     </div>
                     <div>
                        <b>Signature: </b>browser(java.lang.String)[pri:0, instance:SeleniumWebDriver_3.CrossBrowserTesting@7823a2f9]
                     </div>
                     <div>
                        <b>Parameters: </b>
                        
                        chrome
                        
                        
                     </div>
                     <div>
                        <b>Start time: </b>08:14:44
                     </div>
                     <div>
                        <b>End time: </b>08:14:55
                     </div>
                     <div>
                        <b>Duration: </b>10s
                        
                     </div>
                  </div>
               </td>
            </tr>
            <tr></tr>
            <tr id="SeleniumWebDriver_3.CrossBrowserTesting_verifyTitle_byStatus_skiped_SKIP1_row"
                class="testMethodStatusSKIP">
               <td width="100%" class="firstMethodCell">
                  <a onclick="toggleDetailsVisibility('SeleniumWebDriver_3.CrossBrowserTesting_verifyTitle_byStatus_skiped_SKIP1_details')">verifyTitle()</a>
               </td>
               <td nowrap="true">08:15:31</td>
               <td nowrap="true" align="right">1 ms
                  
               </td>
               <td nowrap="true">
                   
                  
               </td>
            </tr>
            <tr>
               <td colspan="4" class="detailsBox">
                  <div id="SeleniumWebDriver_3.CrossBrowserTesting_verifyTitle_byStatus_skiped_SKIP1_details"
                       class="testMethodDetails">
                     <div>
                        <b>Name: </b>verifyTitle
                     </div>
                     <div>
                        <b>Signature: </b>verifyTitle()[pri:0, instance:SeleniumWebDriver_3.CrossBrowserTesting@5b275dab]
                     </div>
                     <div>
                        <b>Start time: </b>08:15:31
                     </div>
                     <div>
                        <b>End time: </b>08:15:31
                     </div>
                     <div>
                        <b>Duration: </b>1 ms
                        
                     </div>
                  </div>
               </td>
            </tr>
            <tr></tr>
         </table>
      </div>
      <div id="testMethodsByClass">
         <table class="testMethodsTable" cellpadding="0" cellspacing="0">
            <tr>
               <td colspan="4">
                  <h3 style="display: inline;">SeleniumWebDriver_3.CrossBrowserTesting</h3>
               </td>
            </tr>
            <tr class="methodsTableHeader">
               <td width="100%">Name</td>
               <td nowrap="true">Started</td>
               <td nowrap="true">Duration</td>
               <td>Exception</td>
            </tr>
            <tr id="SeleniumWebDriver_3.CrossBrowserTesting_browser_byClass_PASS1_row"
                class="testMethodStatusPASS testMethodStatusCONF">
               <td width="100%" class="firstMethodCell">
                  <a onclick="toggleDetailsVisibility('SeleniumWebDriver_3.CrossBrowserTesting_browser_byClass_PASS1_details')">browser(chrome)</a>
               </td>
               <td nowrap="true">08:14:44</td>
               <td nowrap="true" align="right">10s
                  
               </td>
               <td nowrap="true">
                   
                  
               </td>
            </tr>
            <tr>
               <td colspan="4" class="detailsBox">
                  <div id="SeleniumWebDriver_3.CrossBrowserTesting_browser_byClass_PASS1_details"
                       class="testMethodDetails">
                     <div>
                        <b>Name: </b>browser
                     </div>
                     <div>
                        <b>Signature: </b>browser(java.lang.String)[pri:0, instance:SeleniumWebDriver_3.CrossBrowserTesting@7823a2f9]
                     </div>
                     <div>
                        <b>Parameters: </b>
                        
                        chrome
                        
                        
                     </div>
                     <div>
                        <b>Start time: </b>08:14:44
                     </div>
                     <div>
                        <b>End time: </b>08:14:55
                     </div>
                     <div>
                        <b>Duration: </b>10s
                        
                     </div>
                  </div>
               </td>
            </tr>
            <tr></tr>
            <tr id="SeleniumWebDriver_3.CrossBrowserTesting_verifyTitle_byClass_FAIL2_row"
                class="testMethodStatusFAIL">
               <td width="100%" class="firstMethodCell">
                  <a onclick="toggleDetailsVisibility('SeleniumWebDriver_3.CrossBrowserTesting_verifyTitle_byClass_FAIL2_details')">verifyTitle()</a>
               </td>
               <td nowrap="true">08:14:55</td>
               <td nowrap="true" align="right">22 ms
                  
               </td>
               <td nowrap="true">
                  <a onclick="toggleDetailsVisibility('SeleniumWebDriver_3.CrossBrowserTesting_verifyTitle_byClass_FAIL2_exception')">java.lang.AssertionError: 
                     expected [true] but found [false]
                     
                  </a>
                   
                  
               </td>
            </tr>
            <tr>
               <td colspan="4" class="detailsBox">
                  <div id="SeleniumWebDriver_3.CrossBrowserTesting_verifyTitle_byClass_FAIL2_details"
                       class="testMethodDetails">
                     <div>
                        <b>Name: </b>verifyTitle
                     </div>
                     <div>
                        <b>Signature: </b>verifyTitle()[pri:0, instance:SeleniumWebDriver_3.CrossBrowserTesting@7823a2f9]
                     </div>
                     <div>
                        <b>Start time: </b>08:14:55
                     </div>
                     <div>
                        <b>End time: </b>08:14:55
                     </div>
                     <div>
                        <b>Duration: </b>22 ms
                        
                     </div>
                  </div>
               </td>
            </tr>
            <tr>
               <td colspan="4" class="detailsBox">
                  <div id="SeleniumWebDriver_3.CrossBrowserTesting_verifyTitle_byClass_FAIL2_exception"
                       class="testMethodDetails">
                     <pre style="padding: 5px; margin: 0;">java.lang.AssertionError: expected [true] but found [false]
                        	at org.testng.Assert.fail(Assert.java:94)
                        	at org.testng.Assert.failNotEquals(Assert.java:496)
                        	at org.testng.Assert.assertTrue(Assert.java:42)
                        	at org.testng.Assert.assertTrue(Assert.java:52)
                        	at SeleniumWebDriver_3.CrossBrowserTesting.verifyTitle(CrossBrowserTesting.java:58)
                        	at sun.reflect.NativeMethodAccessorImpl.invoke0(Native Method)
                        	at sun.reflect.NativeMethodAccessorImpl.invoke(NativeMethodAccessorImpl.java:62)
                        	at sun.reflect.DelegatingMethodAccessorImpl.invoke(DelegatingMethodAccessorImpl.java:43)
                        	at java.lang.reflect.Method.invoke(Method.java:498)
                        	at org.testng.internal.MethodInvocationHelper.invokeMethod(MethodInvocationHelper.java:85)
                        	at org.testng.internal.Invoker.invokeMethod(Invoker.java:639)
                        	at org.testng.internal.Invoker.invokeTestMethod(Invoker.java:816)
                        	at org.testng.internal.Invoker.invokeTestMethods(Invoker.java:1124)
                        	at org.testng.internal.TestMethodWorker.invokeTestMethods(TestMethodWorker.java:125)
                        	at org.testng.internal.TestMethodWorker.run(TestMethodWorker.java:108)
                        	at org.testng.TestRunner.privateRun(TestRunner.java:774)
                        	at org.testng.TestRunner.run(TestRunner.java:624)
                        	at org.testng.SuiteRunner.runTest(SuiteRunner.java:359)
                        	at org.testng.SuiteRunner.access$000(SuiteRunner.java:39)
                        	at org.testng.SuiteRunner$SuiteWorker.run(SuiteRunner.java:393)
                        	at org.testng.internal.thread.ThreadUtil$2.call(ThreadUtil.java:64)
                        	at java.util.concurrent.FutureTask.run(FutureTask.java:266)
                        	at java.util.concurrent.ThreadPoolExecutor.runWorker(ThreadPoolExecutor.java:1149)
                        	at java.util.concurrent.ThreadPoolExecutor$Worker.run(ThreadPoolExecutor.java:624)
                        	at java.lang.Thread.run(Thread.java:748)
                     </pre>
                  </div>
               </td>
            </tr>
         </table>
         <br></br>
         <table class="testMethodsTable" cellpadding="0" cellspacing="0">
            <tr>
               <td colspan="4">
                  <h3 style="display: inline;">SeleniumWebDriver_3.CrossBrowserTesting</h3>
               </td>
            </tr>
            <tr class="methodsTableHeader">
               <td width="100%">Name</td>
               <td nowrap="true">Started</td>
               <td nowrap="true">Duration</td>
               <td>Exception</td>
            </tr>
            <tr id="SeleniumWebDriver_3.CrossBrowserTesting_browser_byClass_FAIL1_row"
                class="testMethodStatusFAIL testMethodStatusCONF">
               <td width="100%" class="firstMethodCell">
                  <a onclick="toggleDetailsVisibility('SeleniumWebDriver_3.CrossBrowserTesting_browser_byClass_FAIL1_details')">browser(firefox)</a>
               </td>
               <td nowrap="true">08:14:44</td>
               <td nowrap="true" align="right">0 ms
                  
               </td>
               <td nowrap="true">
                  <a onclick="toggleDetailsVisibility('SeleniumWebDriver_3.CrossBrowserTesting_browser_byClass_FAIL1_exception')">org.openqa.selenium.WebDriverException: 
                     Failed to connect to binary FirefoxBinary(C:\Program Files\Mozilla Firefox\firefox.exe) on port 7055; process output follows:
                     
                     scription":"The default theme.","creator":"Mozilla","homepageURL":null,"contributors":["Mozilla Contributors"]},"visible":true,"active":true,"userDisabled":false,"appDisabled":false,"descriptor":"C:\\Program
                     Files\\Mozilla Firefox\\browser\\extensions\\{972ce4c6-7e08-4474-a285-3208198ce6fd}.xpi","installDate":1587785523751,"updateDate":1587785523751,"applyBackgroundUpdates":1,"skinnable":true,"size":22012,"sourceURI":null,"releaseNotesURI":null,"softDisabled":false,"foreignInstall":false,"hasBinaryComponents":false,"strictCompatibility":true,"locales":[],"targetApplications":[{"id":"{ec8030f7-c20a-464f-9b0e-13a3a9e97384}","minVersion":"47.0.2","maxVersion":"47.0.2"}],"targetPlatforms":[],"seen":true}
                     1588473886261	addons.xpi	DEBUG	getModTime: Recursive scan of {972ce4c6-7e08-4474-a285-3208198ce6fd}
                     1588473886262	DeferredSave.extensions.json	DEBUG	Save changes
                     1588473886263	addons.xpi	DEBUG	Updating database with changes to installed add-ons
                     1588473886263	addons.xpi-utils	DEBUG	Updating add-on states
                     1588473886264	addons.xpi-utils	DEBUG	Writing add-ons list
                     1588473886268	addons.xpi	DEBUG	Registering manifest for C:\Program Files\Mozilla Firefox\browser\features\e10srollout@mozilla.org.xpi
                     1588473886269	addons.xpi	DEBUG	Calling bootstrap method startup on e10srollout@mozilla.org version 1.0
                     1588473886269	addons.xpi	DEBUG	Registering manifest for C:\Program Files\Mozilla Firefox\browser\features\firefox@getpocket.com.xpi
                     1588473886270	addons.xpi	DEBUG	Calling bootstrap method startup on firefox@getpocket.com version 1.0.2
                     1588473886271	addons.xpi	DEBUG	Registering manifest for C:\Program Files\Mozilla Firefox\browser\features\loop@mozilla.org.xpi
                     1588473886272	addons.xpi	DEBUG	Calling bootstrap method startup on loop@mozilla.org version 1.3.2
                     1588473886292	addons.xpi	DEBUG	Registering manifest for C:\Program Files\Mozilla Firefox\browser\features\websensehelper@mozilla.org.xpi
                     1588473886293	addons.xpi	DEBUG	Calling bootstrap method startup on websensehelper@mozilla.org version 1.0
                     1588473886296	addons.manager	DEBUG	Registering shutdown blocker for XPIProvider
                     1588473886296	addons.manager	DEBUG	Provider finished startup: XPIProvider
                     1588473886296	addons.manager	DEBUG	Starting provider: LightweightThemeManager
                     1588473886296	addons.manager	DEBUG	Registering shutdown blocker for LightweightThemeManager
                     1588473886297	addons.manager	DEBUG	Provider finished startup: LightweightThemeManager
                     1588473886297	addons.manager	DEBUG	Starting provider: GMPProvider
                     1588473886307	addons.manager	DEBUG	Registering shutdown blocker for GMPProvider
                     1588473886307	addons.manager	DEBUG	Provider finished startup: GMPProvider
                     1588473886307	addons.manager	DEBUG	Starting provider: PluginProvider
                     1588473886308	addons.manager	DEBUG	Registering shutdown blocker for PluginProvider
                     1588473886308	addons.manager	DEBUG	Provider finished startup: PluginProvider
                     1588473886309	addons.manager	DEBUG	Completed startup sequence
                     [GFX1]: Potential driver version mismatch ignored due to missing DLLs 0.0.0.0 and 0.0.0.0
                     1588473890842	DeferredSave.extensions.json	DEBUG	Starting write
                     1588473890849	addons.manager	DEBUG	Starting provider: &lt;unnamed-provider&gt;
                     1588473890849	addons.manager	DEBUG	Registering shutdown blocker for &lt;unnamed-provider&gt;
                     1588473890849	addons.manager	DEBUG	Provider finished startup: &lt;unnamed-provider&gt;
                     1588473891277	addons.repository	DEBUG	No addons.json found.
                     1588473891278	DeferredSave.addons.json	DEBUG	Save changes
                     1588473891282	DeferredSave.addons.json	DEBUG	Starting timer
                     1588473891327	addons.manager	DEBUG	Starting provider: PreviousExperimentProvider
                     1588473891327	addons.manager	DEBUG	Registering shutdown blocker for PreviousExperimentProvider
                     1588473891328	addons.manager	DEBUG	Provider finished startup: PreviousExperimentProvider
                     1588473891330	DeferredSave.extensions.json	DEBUG	Write succeeded
                     1588473891331	addons.xpi-utils	DEBUG	XPI Database saved, setting schema version preference to 17
                     1588473891334	DeferredSave.addons.json	DEBUG	Starting write
                     1588473891461	DeferredSave.addons.json	DEBUG	Write succeeded
                     
                     Build info: version: '2.53.0', revision: '35ae25b', time: '2016-03-15 17:00:58'
                     System info: host: 'LAPTOP-L45CF4AI', ip: '192.168.42.228', os.name: 'Windows 10', os.arch: 'amd64', os.version: '10.0', java.version:
                     '1.8.0_241'
                     Driver info: driver.version: FirefoxDriver
                     
                  </a>
                   
                  
               </td>
            </tr>
            <tr>
               <td colspan="4" class="detailsBox">
                  <div id="SeleniumWebDriver_3.CrossBrowserTesting_browser_byClass_FAIL1_details"
                       class="testMethodDetails">
                     <div>
                        <b>Name: </b>browser
                     </div>
                     <div>
                        <b>Signature: </b>browser(java.lang.String)[pri:0, instance:SeleniumWebDriver_3.CrossBrowserTesting@5b275dab]
                     </div>
                     <div>
                        <b>Parameters: </b>
                        
                        firefox
                        
                        
                     </div>
                     <div>
                        <b>Start time: </b>08:14:44
                     </div>
                     <div>
                        <b>End time: </b>08:14:44
                     </div>
                     <div>
                        <b>Duration: </b>0 ms
                        
                     </div>
                  </div>
               </td>
            </tr>
            <tr>
               <td colspan="4" class="detailsBox">
                  <div id="SeleniumWebDriver_3.CrossBrowserTesting_browser_byClass_FAIL1_exception"
                       class="testMethodDetails">
                     <pre style="padding: 5px; margin: 0;">org.openqa.selenium.WebDriverException: Failed to connect to binary FirefoxBinary(C:\Program Files\Mozilla Firefox\firefox.exe)
                        on port 7055; process output follows: 
                        scription":"The default theme.","creator":"Mozilla","homepageURL":null,"contributors":["Mozilla Contributors"]},"visible":true,"active":true,"userDisabled":false,"appDisabled":false,"descriptor":"C:\\Program
                        Files\\Mozilla Firefox\\browser\\extensions\\{972ce4c6-7e08-4474-a285-3208198ce6fd}.xpi","installDate":1587785523751,"updateDate":1587785523751,"applyBackgroundUpdates":1,"skinnable":true,"size":22012,"sourceURI":null,"releaseNotesURI":null,"softDisabled":false,"foreignInstall":false,"hasBinaryComponents":false,"strictCompatibility":true,"locales":[],"targetApplications":[{"id":"{ec8030f7-c20a-464f-9b0e-13a3a9e97384}","minVersion":"47.0.2","maxVersion":"47.0.2"}],"targetPlatforms":[],"seen":true}
                        1588473886261	addons.xpi	DEBUG	getModTime: Recursive scan of {972ce4c6-7e08-4474-a285-3208198ce6fd}
                        1588473886262	DeferredSave.extensions.json	DEBUG	Save changes
                        1588473886263	addons.xpi	DEBUG	Updating database with changes to installed add-ons
                        1588473886263	addons.xpi-utils	DEBUG	Updating add-on states
                        1588473886264	addons.xpi-utils	DEBUG	Writing add-ons list
                        1588473886268	addons.xpi	DEBUG	Registering manifest for C:\Program Files\Mozilla Firefox\browser\features\e10srollout@mozilla.org.xpi
                        1588473886269	addons.xpi	DEBUG	Calling bootstrap method startup on e10srollout@mozilla.org version 1.0
                        1588473886269	addons.xpi	DEBUG	Registering manifest for C:\Program Files\Mozilla Firefox\browser\features\firefox@getpocket.com.xpi
                        1588473886270	addons.xpi	DEBUG	Calling bootstrap method startup on firefox@getpocket.com version 1.0.2
                        1588473886271	addons.xpi	DEBUG	Registering manifest for C:\Program Files\Mozilla Firefox\browser\features\loop@mozilla.org.xpi
                        1588473886272	addons.xpi	DEBUG	Calling bootstrap method startup on loop@mozilla.org version 1.3.2
                        1588473886292	addons.xpi	DEBUG	Registering manifest for C:\Program Files\Mozilla Firefox\browser\features\websensehelper@mozilla.org.xpi
                        1588473886293	addons.xpi	DEBUG	Calling bootstrap method startup on websensehelper@mozilla.org version 1.0
                        1588473886296	addons.manager	DEBUG	Registering shutdown blocker for XPIProvider
                        1588473886296	addons.manager	DEBUG	Provider finished startup: XPIProvider
                        1588473886296	addons.manager	DEBUG	Starting provider: LightweightThemeManager
                        1588473886296	addons.manager	DEBUG	Registering shutdown blocker for LightweightThemeManager
                        1588473886297	addons.manager	DEBUG	Provider finished startup: LightweightThemeManager
                        1588473886297	addons.manager	DEBUG	Starting provider: GMPProvider
                        1588473886307	addons.manager	DEBUG	Registering shutdown blocker for GMPProvider
                        1588473886307	addons.manager	DEBUG	Provider finished startup: GMPProvider
                        1588473886307	addons.manager	DEBUG	Starting provider: PluginProvider
                        1588473886308	addons.manager	DEBUG	Registering shutdown blocker for PluginProvider
                        1588473886308	addons.manager	DEBUG	Provider finished startup: PluginProvider
                        1588473886309	addons.manager	DEBUG	Completed startup sequence
                        [GFX1]: Potential driver version mismatch ignored due to missing DLLs 0.0.0.0 and 0.0.0.0
                        1588473890842	DeferredSave.extensions.json	DEBUG	Starting write
                        1588473890849	addons.manager	DEBUG	Starting provider: &lt;unnamed-provider&gt;
                        1588473890849	addons.manager	DEBUG	Registering shutdown blocker for &lt;unnamed-provider&gt;
                        1588473890849	addons.manager	DEBUG	Provider finished startup: &lt;unnamed-provider&gt;
                        1588473891277	addons.repository	DEBUG	No addons.json found.
                        1588473891278	DeferredSave.addons.json	DEBUG	Save changes
                        1588473891282	DeferredSave.addons.json	DEBUG	Starting timer
                        1588473891327	addons.manager	DEBUG	Starting provider: PreviousExperimentProvider
                        1588473891327	addons.manager	DEBUG	Registering shutdown blocker for PreviousExperimentProvider
                        1588473891328	addons.manager	DEBUG	Provider finished startup: PreviousExperimentProvider
                        1588473891330	DeferredSave.extensions.json	DEBUG	Write succeeded
                        1588473891331	addons.xpi-utils	DEBUG	XPI Database saved, setting schema version preference to 17
                        1588473891334	DeferredSave.addons.json	DEBUG	Starting write
                        1588473891461	DeferredSave.addons.json	DEBUG	Write succeeded
                        
                        Build info: version: '2.53.0', revision: '35ae25b', time: '2016-03-15 17:00:58'
                        System info: host: 'LAPTOP-L45CF4AI', ip: '192.168.42.228', os.name: 'Windows 10', os.arch: 'amd64', os.version: '10.0', java.version:
                        '1.8.0_241'
                        Driver info: driver.version: FirefoxDriver
                        	at org.openqa.selenium.firefox.internal.NewProfileExtensionConnection.start(NewProfileExtensionConnection.java:124)
                        	at org.openqa.selenium.firefox.FirefoxDriver.startClient(FirefoxDriver.java:271)
                        	at org.openqa.selenium.remote.RemoteWebDriver.&lt;init&gt;(RemoteWebDriver.java:119)
                        	at org.openqa.selenium.firefox.FirefoxDriver.&lt;init&gt;(FirefoxDriver.java:218)
                        	at org.openqa.selenium.firefox.FirefoxDriver.&lt;init&gt;(FirefoxDriver.java:211)
                        	at org.openqa.selenium.firefox.FirefoxDriver.&lt;init&gt;(FirefoxDriver.java:207)
                        	at org.openqa.selenium.firefox.FirefoxDriver.&lt;init&gt;(FirefoxDriver.java:120)
                        	at SeleniumWebDriver_3.CrossBrowserTesting.browser(CrossBrowserTesting.java:25)
                        	at sun.reflect.NativeMethodAccessorImpl.invoke0(Native Method)
                        	at sun.reflect.NativeMethodAccessorImpl.invoke(NativeMethodAccessorImpl.java:62)
                        	at sun.reflect.DelegatingMethodAccessorImpl.invoke(DelegatingMethodAccessorImpl.java:43)
                        	at java.lang.reflect.Method.invoke(Method.java:498)
                        	at org.testng.internal.MethodInvocationHelper.invokeMethod(MethodInvocationHelper.java:85)
                        	at org.testng.internal.Invoker.invokeConfigurationMethod(Invoker.java:510)
                        	at org.testng.internal.Invoker.invokeConfigurations(Invoker.java:211)
                        	at org.testng.internal.Invoker.invokeConfigurations(Invoker.java:138)
                        	at org.testng.TestRunner.beforeRun(TestRunner.java:648)
                        	at org.testng.TestRunner.run(TestRunner.java:616)
                        	at org.testng.SuiteRunner.runTest(SuiteRunner.java:359)
                        	at org.testng.SuiteRunner.access$000(SuiteRunner.java:39)
                        	at org.testng.SuiteRunner$SuiteWorker.run(SuiteRunner.java:393)
                        	at org.testng.internal.thread.ThreadUtil$2.call(ThreadUtil.java:64)
                        	at java.util.concurrent.FutureTask.run(FutureTask.java:266)
                        	at java.util.concurrent.ThreadPoolExecutor.runWorker(ThreadPoolExecutor.java:1149)
                        	at java.util.concurrent.ThreadPoolExecutor$Worker.run(ThreadPoolExecutor.java:624)
                        	at java.lang.Thread.run(Thread.java:748)
                        Caused by: org.openqa.selenium.firefox.NotConnectedException: Unable to connect to host 127.0.0.1 on port 7055 after 45000
                        ms. Firefox console output:
                        scription":"The default theme.","creator":"Mozilla","homepageURL":null,"contributors":["Mozilla Contributors"]},"visible":true,"active":true,"userDisabled":false,"appDisabled":false,"descriptor":"C:\\Program
                        Files\\Mozilla Firefox\\browser\\extensions\\{972ce4c6-7e08-4474-a285-3208198ce6fd}.xpi","installDate":1587785523751,"updateDate":1587785523751,"applyBackgroundUpdates":1,"skinnable":true,"size":22012,"sourceURI":null,"releaseNotesURI":null,"softDisabled":false,"foreignInstall":false,"hasBinaryComponents":false,"strictCompatibility":true,"locales":[],"targetApplications":[{"id":"{ec8030f7-c20a-464f-9b0e-13a3a9e97384}","minVersion":"47.0.2","maxVersion":"47.0.2"}],"targetPlatforms":[],"seen":true}
                        1588473886261	addons.xpi	DEBUG	getModTime: Recursive scan of {972ce4c6-7e08-4474-a285-3208198ce6fd}
                        1588473886262	DeferredSave.extensions.json	DEBUG	Save changes
                        1588473886263	addons.xpi	DEBUG	Updating database with changes to installed add-ons
                        1588473886263	addons.xpi-utils	DEBUG	Updating add-on states
                        1588473886264	addons.xpi-utils	DEBUG	Writing add-ons list
                        1588473886268	addons.xpi	DEBUG	Registering manifest for C:\Program Files\Mozilla Firefox\browser\features\e10srollout@mozilla.org.xpi
                        1588473886269	addons.xpi	DEBUG	Calling bootstrap method startup on e10srollout@mozilla.org version 1.0
                        1588473886269	addons.xpi	DEBUG	Registering manifest for C:\Program Files\Mozilla Firefox\browser\features\firefox@getpocket.com.xpi
                        1588473886270	addons.xpi	DEBUG	Calling bootstrap method startup on firefox@getpocket.com version 1.0.2
                        1588473886271	addons.xpi	DEBUG	Registering manifest for C:\Program Files\Mozilla Firefox\browser\features\loop@mozilla.org.xpi
                        1588473886272	addons.xpi	DEBUG	Calling bootstrap method startup on loop@mozilla.org version 1.3.2
                        1588473886292	addons.xpi	DEBUG	Registering manifest for C:\Program Files\Mozilla Firefox\browser\features\websensehelper@mozilla.org.xpi
                        1588473886293	addons.xpi	DEBUG	Calling bootstrap method startup on websensehelper@mozilla.org version 1.0
                        1588473886296	addons.manager	DEBUG	Registering shutdown blocker for XPIProvider
                        1588473886296	addons.manager	DEBUG	Provider finished startup: XPIProvider
                        1588473886296	addons.manager	DEBUG	Starting provider: LightweightThemeManager
                        1588473886296	addons.manager	DEBUG	Registering shutdown blocker for LightweightThemeManager
                        1588473886297	addons.manager	DEBUG	Provider finished startup: LightweightThemeManager
                        1588473886297	addons.manager	DEBUG	Starting provider: GMPProvider
                        1588473886307	addons.manager	DEBUG	Registering shutdown blocker for GMPProvider
                        1588473886307	addons.manager	DEBUG	Provider finished startup: GMPProvider
                        1588473886307	addons.manager	DEBUG	Starting provider: PluginProvider
                        1588473886308	addons.manager	DEBUG	Registering shutdown blocker for PluginProvider
                        1588473886308	addons.manager	DEBUG	Provider finished startup: PluginProvider
                        1588473886309	addons.manager	DEBUG	Completed startup sequence
                        [GFX1]: Potential driver version mismatch ignored due to missing DLLs 0.0.0.0 and 0.0.0.0
                        1588473890842	DeferredSave.extensions.json	DEBUG	Starting write
                        1588473890849	addons.manager	DEBUG	Starting provider: &lt;unnamed-provider&gt;
                        1588473890849	addons.manager	DEBUG	Registering shutdown blocker for &lt;unnamed-provider&gt;
                        1588473890849	addons.manager	DEBUG	Provider finished startup: &lt;unnamed-provider&gt;
                        1588473891277	addons.repository	DEBUG	No addons.json found.
                        1588473891278	DeferredSave.addons.json	DEBUG	Save changes
                        1588473891282	DeferredSave.addons.json	DEBUG	Starting timer
                        1588473891327	addons.manager	DEBUG	Starting provider: PreviousExperimentProvider
                        1588473891327	addons.manager	DEBUG	Registering shutdown blocker for PreviousExperimentProvider
                        1588473891328	addons.manager	DEBUG	Provider finished startup: PreviousExperimentProvider
                        1588473891330	DeferredSave.extensions.json	DEBUG	Write succeeded
                        1588473891331	addons.xpi-utils	DEBUG	XPI Database saved, setting schema version preference to 17
                        1588473891334	DeferredSave.addons.json	DEBUG	Starting write
                        1588473891461	DeferredSave.addons.json	DEBUG	Write succeeded
                        
                        	at org.openqa.selenium.firefox.internal.NewProfileExtensionConnection.start(NewProfileExtensionConnection.java:112)
                        	... 25 more
                     </pre>
                  </div>
               </td>
            </tr>
            <tr id="SeleniumWebDriver_3.CrossBrowserTesting_verifyTitle_byClass_SKIP2_row"
                class="testMethodStatusSKIP">
               <td width="100%" class="firstMethodCell">
                  <a onclick="toggleDetailsVisibility('SeleniumWebDriver_3.CrossBrowserTesting_verifyTitle_byClass_SKIP2_details')">verifyTitle()</a>
               </td>
               <td nowrap="true">08:15:31</td>
               <td nowrap="true" align="right">1 ms
                  
               </td>
               <td nowrap="true">
                   
                  
               </td>
            </tr>
            <tr>
               <td colspan="4" class="detailsBox">
                  <div id="SeleniumWebDriver_3.CrossBrowserTesting_verifyTitle_byClass_SKIP2_details"
                       class="testMethodDetails">
                     <div>
                        <b>Name: </b>verifyTitle
                     </div>
                     <div>
                        <b>Signature: </b>verifyTitle()[pri:0, instance:SeleniumWebDriver_3.CrossBrowserTesting@5b275dab]
                     </div>
                     <div>
                        <b>Start time: </b>08:15:31
                     </div>
                     <div>
                        <b>End time: </b>08:15:31
                     </div>
                     <div>
                        <b>Duration: </b>1 ms
                        
                     </div>
                  </div>
               </td>
            </tr>
            <tr></tr>
         </table>
         <br></br>
      </div>
      <div style="margin-top: 15px; color: gray; text-align: center; font-size: 9px;">
         Generated with
         
         <a href="http://code.google.com/p/testng-xslt/" style="color: #8888aa;"
            target="_blank">
            TestNG XSLT
            
         </a>
      </div>
   </body>
</html>