<?xml version="1.0" encoding="UTF-8"?>
<!-- Generated by org.testng.reporters.JUnitXMLReporter -->
<testsuite hostname="LAPTOP-L45CF4AI" ignored="1" name="Test4" tests="4" failures="0" timestamp="28 Jun 2020 12:31:06 GMT" time="0.014" errors="0">
  <testcase name="@BeforeTest startBrowser" time="0.0" classname="SeleniumGridwithBrowserstack.setupz">
    <failure type="org.testng.TestNGException" message="
Parameter &amp;apos;browser&amp;apos; is required by BeforeTest on method startBrowser but has not been marked @Optional or defined
in E:\Jino_testing\Automation_project\MukeshSelenium\src\SeleniumGridwithBrowserstack\testng.xml">
      <![CDATA[org.testng.TestNGException: 
Parameter 'browser' is required by BeforeTest on method startBrowser but has not been marked @Optional or defined
in E:\Jino_testing\Automation_project\MukeshSelenium\src\SeleniumGridwithBrowserstack\testng.xml
... Removed 20 stack frames]]>
    </failure>
  </testcase> <!-- @BeforeTest startBrowser -->
  <testcase name="chromeDocker" time="0.0" classname="SeleniumGridwithBrowserstack.testcase1">
    <skipped/>
  </testcase> <!-- chromeDocker -->
  <testcase name="chromeDockerZal" time="0.0" classname="SeleniumGridwithBrowserstack.testcase1">
    <skipped/>
  </testcase> <!-- chromeDockerZal -->
  <testcase name="firefoxDocker" time="0.0" classname="SeleniumGridwithBrowserstack.testcase2">
    <skipped/>
  </testcase> <!-- firefoxDocker -->
  <testcase name="firefoxDockerzal" time="0.0" classname="SeleniumGridwithBrowserstack.testcase2">
    <skipped/>
  </testcase> <!-- firefoxDockerzal -->
  <testcase name="@BeforeTest startBrowser" time="0.0" classname="SeleniumGridwithBrowserstack.setupz">
    <ignored/>
  </testcase> <!-- @BeforeTest startBrowser -->
</testsuite> <!-- Test4 -->
