<?xml version="1.0" encoding="UTF-8"?>
<!-- Generated by org.testng.reporters.JUnitXMLReporter -->
<testsuite hostname="LAPTOP-L45CF4AI" name="Test" tests="1" failures="1" timestamp="22 Jun 2020 02:40:14 GMT" time="15.245" errors="0">
  <testcase name="validation" time="0.01" classname="SeleniumWebdriver_2.SendEmails">
    <failure type="java.lang.AssertionError" message="expected [Facebook] but found [Facebook – log in or sign up]">
      <![CDATA[java.lang.AssertionError: expected [Facebook] but found [Facebook – log in or sign up]
	at SeleniumWebdriver_2.SendEmails.validation(SendEmails.java:42)
... Removed 28 stack frames]]>
    </failure>
  </testcase> <!-- validation -->
</testsuite> <!-- Test -->
