<?xml version="1.0" encoding="UTF-8"?>
<!-- Generated by org.testng.reporters.JUnitXMLReporter -->
<testsuite hostname="LAPTOP-L45CF4AI" ignored="0" name="Default test(failed)(failed)" tests="1" failures="1" timestamp="25 Apr 2020 07:39:22 GMT" time="11.618" errors="0">
  <testcase name="verifyTitle" time="11.588" classname="SeleniumWebdriver_2.ExecuteFailedTestCases">
    <failure type="java.lang.AssertionError" message="expected [Facebook] but found [Facebook – log in or sign up]">
      <![CDATA[java.lang.AssertionError: expected [Facebook] but found [Facebook – log in or sign up]
at SeleniumWebdriver_2.ExecuteFailedTestCases.verifyTitle(ExecuteFailedTestCases.java:24)
at TestRunner.Runner.main(Runner.java:18)
... Removed 28 stack frames]]>
    </failure>
  </testcase> <!-- verifyTitle -->
</testsuite> <!-- Default test(failed)(failed) -->
